0 info it worked if it ends with ok
1 verbose cli [ '/usr/bin/nodejs', '/usr/bin/npm', 'i', '-g', '@zrthxn/touchjs' ]
2 info using npm@3.5.2
3 info using node@v4.2.6
4 silly loadCurrentTree Starting
5 silly install loadCurrentTree
6 silly install readGlobalPackageData
7 silly fetchPackageMetaData @zrthxn/touchjs
8 silly fetchNamedPackageData @zrthxn/touchjs
9 silly mapToRegistry name @zrthxn/touchjs
10 silly mapToRegistry scope (from package name) @zrthxn
11 verbose mapToRegistry no registry URL found in name for scope @zrthxn
12 silly mapToRegistry using default registry
13 silly mapToRegistry registry https://registry.npmjs.org/
14 silly mapToRegistry uri https://registry.npmjs.org/@zrthxn%2ftouchjs
15 verbose request uri https://registry.npmjs.org/@zrthxn%2ftouchjs
16 verbose request no auth needed
17 info attempt registry request try #1 at 9:13:33 PM
18 verbose request id 7353d187decadf5c
19 http request GET https://registry.npmjs.org/@zrthxn%2ftouchjs
20 http 200 https://registry.npmjs.org/@zrthxn%2ftouchjs
21 verbose headers { date: 'Mon, 12 Nov 2018 15:43:43 GMT',
21 verbose headers   'content-type': 'application/json',
21 verbose headers   'transfer-encoding': 'chunked',
21 verbose headers   connection: 'keep-alive',
21 verbose headers   'set-cookie': [ '__cfduid=d86c656cc4e9ea7e3e0bcb3723c1754b71542037415; expires=Tue, 12-Nov-19 15:43:35 GMT; path=/; domain=.registry.npmjs.org; HttpOnly' ],
21 verbose headers   'cf-cache-status': 'MISS',
21 verbose headers   'cache-control': 'public, max-age=300',
21 verbose headers   'cf-ray': '478a1d782d648a49-BOM',
21 verbose headers   etag: 'W/"2d73afbb115b09d6a4c921f7d17144f9"',
21 verbose headers   'expect-ct': 'max-age=604800, report-uri="https://report-uri.cloudflare.com/cdn-cgi/beacon/expect-ct"',
21 verbose headers   'last-modified': 'Tue, 06 Nov 2018 23:14:40 GMT',
21 verbose headers   vary: 'Accept-Encoding',
21 verbose headers   'x-amz-meta-rev': '5-557d08f80096e06e3938b5b79e84222d',
21 verbose headers   server: 'cloudflare',
21 verbose headers   'content-encoding': 'gzip' }
22 silly get cb [ 200,
22 silly get   { date: 'Mon, 12 Nov 2018 15:43:43 GMT',
22 silly get     'content-type': 'application/json',
22 silly get     'transfer-encoding': 'chunked',
22 silly get     connection: 'keep-alive',
22 silly get     'set-cookie': [ '__cfduid=d86c656cc4e9ea7e3e0bcb3723c1754b71542037415; expires=Tue, 12-Nov-19 15:43:35 GMT; path=/; domain=.registry.npmjs.org; HttpOnly' ],
22 silly get     'cf-cache-status': 'MISS',
22 silly get     'cache-control': 'public, max-age=300',
22 silly get     'cf-ray': '478a1d782d648a49-BOM',
22 silly get     etag: 'W/"2d73afbb115b09d6a4c921f7d17144f9"',
22 silly get     'expect-ct': 'max-age=604800, report-uri="https://report-uri.cloudflare.com/cdn-cgi/beacon/expect-ct"',
22 silly get     'last-modified': 'Tue, 06 Nov 2018 23:14:40 GMT',
22 silly get     vary: 'Accept-Encoding',
22 silly get     'x-amz-meta-rev': '5-557d08f80096e06e3938b5b79e84222d',
22 silly get     server: 'cloudflare',
22 silly get     'content-encoding': 'gzip' } ]
23 verbose get saving @zrthxn/touchjs to /home/utkarsh/.npm/registry.npmjs.org/_40zrthxn_252ftouchjs/.cache.json
24 verbose makeDirectory /home/utkarsh/.npm creation not in flight; initializing
25 silly makeDirectory /home/utkarsh/.npm uid: 1000 gid: 1000
26 silly install normalizeTree
27 silly loadCurrentTree Finishing
28 silly loadIdealTree Starting
29 silly install loadIdealTree
30 silly cloneCurrentTree Starting
31 silly install cloneCurrentTreeToIdealTree
32 silly cloneCurrentTree Finishing
33 silly loadShrinkwrap Starting
34 silly install loadShrinkwrap
35 silly loadShrinkwrap Finishing
36 silly loadAllDepsIntoIdealTree Starting
37 silly install loadAllDepsIntoIdealTree
38 silly resolveWithNewModule @zrthxn/touchjs@1.0.5 checking installable status
39 silly cache add args [ '@zrthxn/touchjs', null ]
40 verbose cache add spec @zrthxn/touchjs
41 silly cache add parsed spec Result {
41 silly cache add   raw: '@zrthxn/touchjs',
41 silly cache add   scope: '@zrthxn',
41 silly cache add   name: '@zrthxn/touchjs',
41 silly cache add   rawSpec: '',
41 silly cache add   spec: 'latest',
41 silly cache add   type: 'tag' }
42 silly addNamed @zrthxn/touchjs@latest
43 verbose addNamed "latest" is being treated as a dist-tag for @zrthxn/touchjs
44 info addNameTag [ '@zrthxn/touchjs', 'latest' ]
45 silly mapToRegistry name @zrthxn/touchjs
46 silly mapToRegistry scope (from package name) @zrthxn
47 verbose mapToRegistry no registry URL found in name for scope @zrthxn
48 silly mapToRegistry using default registry
49 silly mapToRegistry registry https://registry.npmjs.org/
50 silly mapToRegistry uri https://registry.npmjs.org/@zrthxn%2ftouchjs
51 verbose addNameTag registry:https://registry.npmjs.org/@zrthxn%2ftouchjs not in flight; fetching
52 verbose get https://registry.npmjs.org/@zrthxn%2ftouchjs not expired, no request
53 silly addNameTag next cb for @zrthxn/touchjs with tag latest
54 silly addNamed @zrthxn/touchjs@1.0.5
55 verbose addNamed "1.0.5" is a plain semver version for @zrthxn/touchjs
56 silly mapToRegistry name @zrthxn/touchjs
57 silly mapToRegistry scope (from package name) @zrthxn
58 verbose mapToRegistry no registry URL found in name for scope @zrthxn
59 silly mapToRegistry using default registry
60 silly mapToRegistry registry https://registry.npmjs.org/
61 silly mapToRegistry uri https://registry.npmjs.org/@zrthxn%2ftouchjs
62 verbose addRemoteTarball https://registry.npmjs.org/@zrthxn/touchjs/-/touchjs-1.0.5.tgz not in flight; adding
63 verbose addRemoteTarball [ 'https://registry.npmjs.org/@zrthxn/touchjs/-/touchjs-1.0.5.tgz',
63 verbose addRemoteTarball   'ee2fe11a39b05e9ab7ee1b650d1b55b1b204f531' ]
64 info retry fetch attempt 1 at 9:13:43 PM
65 info attempt registry request try #1 at 9:13:43 PM
66 http fetch GET https://registry.npmjs.org/@zrthxn/touchjs/-/touchjs-1.0.5.tgz
67 http fetch 200 https://registry.npmjs.org/@zrthxn/touchjs/-/touchjs-1.0.5.tgz
68 silly fetchAndShaCheck shasum ee2fe11a39b05e9ab7ee1b650d1b55b1b204f531
69 verbose addTmpTarball /tmp/npm-25500-2fdc6751/registry.npmjs.org/_40zrthxn/touchjs/-/touchjs-1.0.5.tgz not in flight; adding
70 verbose addTmpTarball already have metadata; skipping unpack for @zrthxn/touchjs@1.0.5
71 silly cache afterAdd @zrthxn/touchjs@1.0.5
72 verbose afterAdd /home/utkarsh/.npm/@zrthxn/touchjs/1.0.5/package/package.json not in flight; writing
73 verbose afterAdd /home/utkarsh/.npm/@zrthxn/touchjs/1.0.5/package/package.json written
74 silly loadAllDepsIntoIdealTree Finishing
75 silly idealTree:prePrune lib
75 silly idealTree:prePrune `-- @zrthxn/touchjs@1.0.5
76 silly loadIdealTree Finishing
77 silly currentTree lib
78 silly idealTree lib
78 silly idealTree `-- @zrthxn/touchjs@1.0.5
79 silly generateActionsToTake Starting
80 silly install generateActionsToTake
81 warn checkPermissions Missing write access to /usr/local/lib
82 silly rollbackFailedOptional Starting
83 silly rollbackFailedOptional Finishing
84 silly runTopLevelLifecycles Starting
85 silly runTopLevelLifecycles Finishing
86 silly install printInstalled
87 verbose stack Error: EACCES: permission denied, access '/usr/local/lib'
87 verbose stack     at Error (native)
88 verbose cwd /home/utkarsh/catkin_ws/src/pollinator_bee/scripts
89 error Linux 4.15.0-38-generic
90 error argv "/usr/bin/nodejs" "/usr/bin/npm" "i" "-g" "@zrthxn/touchjs"
91 error node v4.2.6
92 error npm  v3.5.2
93 error path /usr/local/lib
94 error code EACCES
95 error errno -13
96 error syscall access
97 error Error: EACCES: permission denied, access '/usr/local/lib'
97 error     at Error (native)
97 error  { [Error: EACCES: permission denied, access '/usr/local/lib']
97 error   errno: -13,
97 error   code: 'EACCES',
97 error   syscall: 'access',
97 error   path: '/usr/local/lib' }
98 error Please try running this command again as root/Administrator.
99 verbose exit [ -13, true ]
